Copyright 1986-2018 Xilinx, Inc. All Rights Reserved.
-------------------------------------------------------------------------------------------------------------------------------------------------------
| Tool Version     : Vivado v.2018.2 (win64) Build 2258646 Thu Jun 14 20:03:12 MDT 2018
| Date             : Sun Apr  5 01:13:58 2020
| Host             : ZM running 64-bit major release  (build 9200)
| Command          : report_power -file Top_Student_power_routed.rpt -pb Top_Student_power_summary_routed.pb -rpx Top_Student_power_routed.rpx
| Design           : Top_Student
| Device           : xc7a35tcpg236-1
| Design State     : routed
| Grade            : commercial
| Process          : typical
| Characterization : Production
-------------------------------------------------------------------------------------------------------------------------------------------------------

Power Report

Table of Contents
-----------------
1. Summary
1.1 On-Chip Components
1.2 Power Supply Summary
1.3 Confidence Level
2. Settings
2.1 Environment
2.2 Clock Constraints
3. Detailed Reports
3.1 By Hierarchy

1. Summary
----------

+--------------------------+--------------+
| Total On-Chip Power (W)  | 0.089        |
| Design Power Budget (W)  | Unspecified* |
| Power Budget Margin (W)  | NA           |
| Dynamic (W)              | 0.018        |
| Device Static (W)        | 0.072        |
| Effective TJA (C/W)      | 5.0          |
| Max Ambient (C)          | 84.6         |
| Junction Temperature (C) | 25.4         |
| Confidence Level         | Low          |
| Setting File             | ---          |
| Simulation Activity File | ---          |
| Design Nets Matched      | NA           |
+--------------------------+--------------+
* Specify Design Power Budget using, set_operating_conditions -design_power_budget <value in Watts>


1.1 On-Chip Components
----------------------

+----------------+-----------+----------+-----------+-----------------+
| On-Chip        | Power (W) | Used     | Available | Utilization (%) |
+----------------+-----------+----------+-----------+-----------------+
| Clocks         |     0.002 |        3 |       --- |             --- |
| Slice Logic    |     0.005 |     8181 |       --- |             --- |
|   LUT as Logic |     0.005 |     6113 |     20800 |           29.39 |
|   Register     |    <0.001 |      578 |     41600 |            1.39 |
|   CARRY4       |    <0.001 |      104 |      8150 |            1.28 |
|   F7/F8 Muxes  |    <0.001 |      533 |     32600 |            1.63 |
|   Others       |     0.000 |       55 |       --- |             --- |
|   BUFG         |     0.000 |        3 |        32 |            9.38 |
| Signals        |     0.004 |     6629 |       --- |             --- |
| I/O            |     0.006 |       53 |       106 |           50.00 |
| Static Power   |     0.072 |          |           |                 |
| Total          |     0.089 |          |           |                 |
+----------------+-----------+----------+-----------+-----------------+


1.2 Power Supply Summary
------------------------

+-----------+-------------+-----------+-------------+------------+
| Source    | Voltage (V) | Total (A) | Dynamic (A) | Static (A) |
+-----------+-------------+-----------+-------------+------------+
| Vccint    |       1.000 |     0.021 |       0.012 |      0.010 |
| Vccaux    |       1.800 |     0.013 |       0.000 |      0.013 |
| Vcco33    |       3.300 |     0.003 |       0.002 |      0.001 |
| Vcco25    |       2.500 |     0.000 |       0.000 |      0.000 |
| Vcco18    |       1.800 |     0.000 |       0.000 |      0.000 |
| Vcco15    |       1.500 |     0.000 |       0.000 |      0.000 |
| Vcco135   |       1.350 |     0.000 |       0.000 |      0.000 |
| Vcco12    |       1.200 |     0.000 |       0.000 |      0.000 |
| Vccaux_io |       1.800 |     0.000 |       0.000 |      0.000 |
| Vccbram   |       1.000 |     0.000 |       0.000 |      0.000 |
| MGTAVcc   |       1.000 |     0.000 |       0.000 |      0.000 |
| MGTAVtt   |       1.200 |     0.000 |       0.000 |      0.000 |
| Vccadc    |       1.800 |     0.020 |       0.000 |      0.020 |
+-----------+-------------+-----------+-------------+------------+


1.3 Confidence Level
--------------------

+-----------------------------+------------+--------------------------------------------------------+--------------------------------------------------------------------------------------------------------------------+
| User Input Data             | Confidence | Details                                                | Action                                                                                                             |
+-----------------------------+------------+--------------------------------------------------------+--------------------------------------------------------------------------------------------------------------------+
| Design implementation state | High       | Design is routed                                       |                                                                                                                    |
| Clock nodes activity        | Low        | User specified less than 75% of clocks                 | Provide missing clock activity with a constraint file, simulation results or by editing the "By Clock Domain" view |
| I/O nodes activity          | Low        | More than 75% of inputs are missing user specification | Provide missing input activity with simulation results or by editing the "By Resource Type -> I/Os" view           |
| Internal nodes activity     | Medium     | User specified less than 25% of internal nodes         | Provide missing internal nodes activity with simulation results or by editing the "By Resource Type" views         |
| Device models               | High       | Device models are Production                           |                                                                                                                    |
|                             |            |                                                        |                                                                                                                    |
| Overall confidence level    | Low        |                                                        |                                                                                                                    |
+-----------------------------+------------+--------------------------------------------------------+--------------------------------------------------------------------------------------------------------------------+


2. Settings
-----------

2.1 Environment
---------------

+-----------------------+--------------------------+
| Ambient Temp (C)      | 25.0                     |
| ThetaJA (C/W)         | 5.0                      |
| Airflow (LFM)         | 250                      |
| Heat Sink             | medium (Medium Profile)  |
| ThetaSA (C/W)         | 4.6                      |
| Board Selection       | medium (10"x10")         |
| # of Board Layers     | 12to15 (12 to 15 Layers) |
| Board Temperature (C) | 25.0                     |
+-----------------------+--------------------------+


2.2 Clock Constraints
---------------------

+-------------+-----------+-----------------+
| Clock       | Domain    | Constraint (ns) |
+-------------+-----------+-----------------+
| sys_clk_pin | basys_clk |            10.0 |
+-------------+-----------+-----------------+


3. Detailed Reports
-------------------

3.1 By Hierarchy
----------------

+---------------------------+-----------+
| Name                      | Power (W) |
+---------------------------+-----------+
| Top_Student               |     0.018 |
|   fncall_20khz            |    <0.001 |
|   fncall_6p25mhz          |    <0.001 |
|   fncall_AC               |    <0.001 |
|   fncall_mainmenu         |     0.003 |
|     scrn_0                |     0.000 |
|     scrn_1                |     0.000 |
|     scrn_2                |     0.000 |
|     scrn_3                |     0.000 |
|     scrn_4                |     0.000 |
|     scrn_5                |     0.000 |
|     scrn_6                |     0.000 |
|     scrn_7                |     0.000 |
|     scrn_8                |     0.000 |
|     scrn_chest            |     0.000 |
|     scrn_chest_posttext   |     0.000 |
|     scrn_chest_pretext    |     0.000 |
|     scrn_choices          |    <0.001 |
|     scrn_combat_m1        |    <0.001 |
|     scrn_combat_m2        |    <0.001 |
|     scrn_combat_m3        |    <0.001 |
|     scrn_combat_m4        |     0.002 |
|     scrn_credits          |     0.000 |
|     scrn_death_m1         |     0.000 |
|     scrn_death_m2         |     0.000 |
|     scrn_death_m3         |     0.000 |
|     scrn_death_m4         |     0.000 |
|     scrn_end1             |     0.000 |
|     scrn_end2             |     0.000 |
|     scrn_gameover         |     0.000 |
|     scrn_lab_graphics     |     0.000 |
|     scrn_pretext_m1       |     0.000 |
|     scrn_pretext_m2       |     0.000 |
|     scrn_pretext_m3       |     0.000 |
|     scrn_pretext_m4       |     0.000 |
|     scrn_trap             |     0.000 |
|     scrn_trap_pt          |     0.000 |
|     scrn_treasure         |     0.000 |
|     scrn_treasure_pt      |     0.000 |
|     scrn_vaccine_graphics |    <0.001 |
|     scrn_victory          |     0.000 |
|   fncall_btn              |    <0.001 |
|   fncall_chkaudio         |    <0.001 |
|     fncall_lfsr           |    <0.001 |
|   fncall_drawscreen       |    <0.001 |
|   fncall_OLED             |     0.004 |
|   fncall_oled             |    <0.001 |
|   fncall_rng              |    <0.001 |
|   fncall_string           |    <0.001 |
|   sp_center               |    <0.001 |
|     master_dff            |    <0.001 |
|     slave_dff             |    <0.001 |
|   sp_down                 |    <0.001 |
|     master_dff            |     0.000 |
|     slave_dff             |    <0.001 |
|   sp_left                 |    <0.001 |
|     master_dff            |    <0.001 |
|     slave_dff             |     0.000 |
|   sp_right                |    <0.001 |
|     master_dff            |    <0.001 |
|     slave_dff             |    <0.001 |
+---------------------------+-----------+


